<?xml version="1.0" encoding="UTF-8"?>
<testsuite xmlns:xsi="http://www.w3.org/2001/XMLSchema-instance" xsi:noNamespaceSchemaLocation="https://maven.apache.org/surefire/maven-surefire-plugin/xsd/surefire-test-report.xsd" version="3.0.2" name="com.br.infnet.controller.AlunoControllerTest" time="9.696" tests="5" errors="0" skipped="0" failures="0">
  <properties>
[...]
</properties>
  <testcase name="listarAlunos_sucesso" classname="com.br.infnet.controller.AlunoControllerTest" time="0.453">
    <system-out><![CDATA[14:45:44.651 [main] INFO org.springframework.test.context.support.AnnotationConfigContextLoaderUtils -- Could not detect default configuration classes for test class [com.br.infnet.controller.AlunoControllerTest]: AlunoControllerTest does not declare any static, non-private, non-final, nested classes annotated with @Configuration.
14:45:44.955 [main] INFO org.springframework.boot.test.context.SpringBootTestContextBootstrapper -- Found @SpringBootConfiguration com.br.infnet.InfnetApplication for test class com.br.infnet.controller.AlunoControllerTest
14:45:45.377 [main] INFO org.springframework.boot.devtools.restart.RestartApplicationListener -- Restart disabled due to context in which it is running

  .   ____          _            __ _ _
 /\\ / ___'_ __ _ _(_)_ __  __ _ \ \ \ \
( ( )\___ | '_ | '_| | '_ \/ _` | \ \ \ \
 \\/  ___)| |_)| | | | | || (_| |  ) ) ) )
  '  |____| .__|_| |_|_| |_\__, | / / / /
 =========|_|==============|___/=/_/_/_/

 :: Spring Boot ::                (v3.5.6)

2025-09-25T14:45:46.085-03:00  INFO 10940 --- [           main] c.b.i.controller.AlunoControllerTest     : Starting AlunoControllerTest using Java 21.0.8 with PID 10940 (started by raque in C:\Users\raque\OneDrive\Documentos\softwares-escalaveis\SSB_AT-main\SSB_AT-main\infnet)
2025-09-25T14:45:46.089-03:00  INFO 10940 --- [           main] c.b.i.controller.AlunoControllerTest     : No active profile set, falling back to 1 default profile: "default"
2025-09-25T14:45:47.312-03:00  INFO 10940 --- [           main] .s.d.r.c.RepositoryConfigurationDelegate : Bootstrapping Spring Data JPA repositories in DEFAULT mode.
2025-09-25T14:45:47.444-03:00  INFO 10940 --- [           main] .s.d.r.c.RepositoryConfigurationDelegate : Finished Spring Data repository scanning in 113 ms. Found 5 JPA repository interfaces.
2025-09-25T14:45:48.494-03:00  INFO 10940 --- [           main] o.s.b.w.embedded.tomcat.TomcatWebServer  : Tomcat initialized with port 0 (http)
2025-09-25T14:45:48.528-03:00  INFO 10940 --- [           main] o.apache.catalina.core.StandardService   : Starting service [Tomcat]
2025-09-25T14:45:48.529-03:00  INFO 10940 --- [           main] o.apache.catalina.core.StandardEngine    : Starting Servlet engine: [Apache Tomcat/10.1.46]
2025-09-25T14:45:48.605-03:00  INFO 10940 --- [           main] o.a.c.c.C.[Tomcat].[localhost].[/]       : Initializing Spring embedded WebApplicationContext
2025-09-25T14:45:48.606-03:00  INFO 10940 --- [           main] w.s.c.ServletWebServerApplicationContext : Root WebApplicationContext: initialization completed in 2483 ms
2025-09-25T14:45:48.942-03:00  INFO 10940 --- [           main] o.hibernate.jpa.internal.util.LogHelper  : HHH000204: Processing PersistenceUnitInfo [name: default]
2025-09-25T14:45:49.063-03:00  INFO 10940 --- [           main] org.hibernate.Version                    : HHH000412: Hibernate ORM core version 6.6.29.Final
2025-09-25T14:45:49.118-03:00  INFO 10940 --- [           main] o.h.c.internal.RegionFactoryInitiator    : HHH000026: Second-level cache disabled
2025-09-25T14:45:49.417-03:00  INFO 10940 --- [           main] o.s.o.j.p.SpringPersistenceUnitInfo      : No LoadTimeWeaver setup: ignoring JPA class transformer
2025-09-25T14:45:49.469-03:00  INFO 10940 --- [           main] com.zaxxer.hikari.HikariDataSource       : HikariPool-1 - Starting...
2025-09-25T14:45:49.972-03:00  INFO 10940 --- [           main] com.zaxxer.hikari.pool.HikariPool        : HikariPool-1 - Added connection conn0: url=jdbc:h2:file:./data/testdb user=SA
2025-09-25T14:45:49.975-03:00  INFO 10940 --- [           main] com.zaxxer.hikari.HikariDataSource       : HikariPool-1 - Start completed.
2025-09-25T14:45:50.104-03:00  INFO 10940 --- [           main] org.hibernate.orm.connections.pooling    : HHH10001005: Database info:
	Database JDBC URL [Connecting through datasource 'HikariDataSource (HikariPool-1)']
	Database driver: undefined/unknown
	Database version: 2.3.232
	Autocommit mode: undefined/unknown
	Isolation level: undefined/unknown
	Minimum pool size: undefined/unknown
	Maximum pool size: undefined/unknown
2025-09-25T14:45:51.098-03:00  INFO 10940 --- [           main] o.h.e.t.j.p.i.JtaPlatformInitiator       : HHH000489: No JTA platform available (set 'hibernate.transaction.jta.platform' to enable JTA platform integration)
2025-09-25T14:45:51.166-03:00  INFO 10940 --- [           main] j.LocalContainerEntityManagerFactoryBean : Initialized JPA EntityManagerFactory for persistence unit 'default'
2025-09-25T14:45:51.597-03:00  INFO 10940 --- [           main] r$InitializeUserDetailsManagerConfigurer : Global AuthenticationManager configured with UserDetailsService bean with name userDetailsServiceImpl
2025-09-25T14:45:51.742-03:00  WARN 10940 --- [           main] JpaBaseConfiguration$JpaWebConfiguration : spring.jpa.open-in-view is enabled by default. Therefore, database queries may be performed during view rendering. Explicitly configure spring.jpa.open-in-view to disable this warning
2025-09-25T14:45:52.460-03:00  INFO 10940 --- [           main] o.s.b.a.h2.H2ConsoleAutoConfiguration    : H2 console available at '/h2-console'. Database available at 'jdbc:h2:file:./data/testdb'
2025-09-25T14:45:52.553-03:00  INFO 10940 --- [           main] o.a.c.c.C.[Tomcat].[localhost].[/]       : Initializing Spring TestDispatcherServlet ''
2025-09-25T14:45:52.553-03:00  INFO 10940 --- [           main] o.s.t.web.servlet.TestDispatcherServlet  : Initializing Servlet ''
2025-09-25T14:45:52.554-03:00  INFO 10940 --- [           main] o.s.t.web.servlet.TestDispatcherServlet  : Completed initialization in 1 ms
2025-09-25T14:45:52.789-03:00  INFO 10940 --- [           main] o.s.b.w.embedded.tomcat.TomcatWebServer  : Tomcat started on port 62761 (http) with context path '/'
2025-09-25T14:45:52.796-03:00  INFO 10940 --- [           main] c.b.i.controller.AlunoControllerTest     : Started AlunoControllerTest in 7.442 seconds (process running for 11.613)
Hibernate: select u1_0.username,u1_0.password from app_user u1_0 where u1_0.username=?
Usuário professor2 já existe.
Hibernate: select u1_0.username,u1_0.password from app_user u1_0 where u1_0.username=?
Hibernate: select a1_0.id,a1_0.cpf,a1_0.email,a1_0.endereco,a1_0.nome,a1_0.telefone from aluno a1_0
]]></system-out>
  </testcase>
  <testcase name="atualizarAluno_sucesso" classname="com.br.infnet.controller.AlunoControllerTest" time="0.224">
    <system-out><![CDATA[Hibernate: select u1_0.username,u1_0.password from app_user u1_0 where u1_0.username=?
Hibernate: insert into aluno (cpf,email,endereco,nome,telefone,id) values (?,?,?,?,?,default)
Hibernate: select a1_0.id,a1_0.cpf,a1_0.email,a1_0.endereco,a1_0.nome,a1_0.telefone from aluno a1_0 where a1_0.id=?
Hibernate: update aluno set cpf=?,email=?,endereco=?,nome=?,telefone=? where id=?
]]></system-out>
  </testcase>
  <testcase name="criarAluno_sucesso" classname="com.br.infnet.controller.AlunoControllerTest" time="0.07">
    <system-out><![CDATA[Hibernate: select u1_0.username,u1_0.password from app_user u1_0 where u1_0.username=?
Hibernate: insert into aluno (cpf,email,endereco,nome,telefone,id) values (?,?,?,?,?,default)
]]></system-out>
  </testcase>
  <testcase name="deletarAluno_sucesso" classname="com.br.infnet.controller.AlunoControllerTest" time="0.077">
    <system-out><![CDATA[Hibernate: select u1_0.username,u1_0.password from app_user u1_0 where u1_0.username=?
Hibernate: insert into aluno (cpf,email,endereco,nome,telefone,id) values (?,?,?,?,?,default)
Hibernate: select a1_0.id,a1_0.cpf,a1_0.email,a1_0.endereco,a1_0.nome,a1_0.telefone from aluno a1_0 where a1_0.id=?
Hibernate: delete from aluno where id=?
]]></system-out>
  </testcase>
  <testcase name="buscarAlunoPorId_sucesso" classname="com.br.infnet.controller.AlunoControllerTest" time="0.073">
    <system-out><![CDATA[Hibernate: select u1_0.username,u1_0.password from app_user u1_0 where u1_0.username=?
Hibernate: insert into aluno (cpf,email,endereco,nome,telefone,id) values (?,?,?,?,?,default)
Hibernate: select a1_0.id,a1_0.cpf,a1_0.email,a1_0.endereco,a1_0.nome,a1_0.telefone from aluno a1_0 where a1_0.id=?
]]></system-out>
  </testcase>
</testsuite>